<?xml version="1.0" encoding="UTF-8"?>
<testsuite name="SetTest" tests="5" skipped="0" failures="0" errors="0" timestamp="2024-05-19T18:07:53" hostname="MSK-L4L00W19X6.local" time="0.003">
  <properties/>
  <testcase name="remove" classname="SetTest" time="0.002"/>
  <testcase name="contains" classname="SetTest" time="0.0"/>
  <testcase name="add" classname="SetTest" time="0.0"/>
  <testcase name="iterator" classname="SetTest" time="0.0"/>
  <testcase name="isEmpty" classname="SetTest" time="0.0"/>
  <system-out><![CDATA[]]></system-out>
  <system-err><![CDATA[]]></system-err>
</testsuite>
